<?xml version="1.0" encoding="UTF-8"?>
<testng-results ignored="0" total="3" passed="3" failed="0" skipped="0">
  <reporter-output>
  </reporter-output>
  <suite started-at="2023-02-27T17:52:02 IST" name="Surefire suite" finished-at="2023-02-27T17:52:13 IST" duration-ms="11557">
    <groups>
      <group name="cucumber">
        <method signature="AbstractTestNGCucumberTests.runScenario(io.cucumber.testng.PickleWrapper,io.cucumber.testng.FeatureWrapper)[pri:0, instance:cucumberOptions.TestNGTestRunner@82de64a]" name="runScenario" class="io.cucumber.testng.AbstractTestNGCucumberTests"/>
      </group> <!-- cucumber -->
    </groups>
    <test started-at="2023-02-27T17:52:02 IST" name="Surefire test" finished-at="2023-02-27T17:52:13 IST" duration-ms="11557">
      <class name="cucumberOptions.TestNGTestRunner">
        <test-method is-config="true" signature="setUpClass(org.testng.ITestContext)[pri:0, instance:cucumberOptions.TestNGTestRunner@82de64a]" started-at="2023-02-27T17:52:02 IST" name="setUpClass" finished-at="2023-02-27T17:52:02 IST" duration-ms="684" status="PASS">
          <params>
            <param index="0">
              <value>
                <![CDATA[org.testng.TestRunner@68b58644]]>
              </value>
            </param>
          </params>
          <reporter-output>
          </reporter-output>
        </test-method> <!-- setUpClass -->
        <test-method signature="runScenario(io.cucumber.testng.PickleWrapper,io.cucumber.testng.FeatureWrapper)[pri:0, instance:cucumberOptions.TestNGTestRunner@82de64a]" started-at="2023-02-27T17:52:03 IST" name="runScenario" description="Runs Cucumber Scenarios" data-provider="scenarios" finished-at="2023-02-27T17:52:13 IST" duration-ms="10454" status="PASS">
          <params>
            <param index="0">
              <value>
                <![CDATA["Search experience for product search in both home and offers page"]]>
              </value>
            </param>
            <param index="1">
              <value>
                <![CDATA["Search and Place the order for Products"]]>
              </value>
            </param>
          </params>
          <reporter-output>
          </reporter-output>
        </test-method> <!-- runScenario -->
        <test-method signature="runScenario(io.cucumber.testng.PickleWrapper,io.cucumber.testng.FeatureWrapper)[pri:0, instance:cucumberOptions.TestNGTestRunner@82de64a]" started-at="2023-02-27T17:52:03 IST" name="runScenario" description="Runs Cucumber Scenarios" data-provider="scenarios" finished-at="2023-02-27T17:52:12 IST" duration-ms="9594" status="PASS">
          <params>
            <param index="0">
              <value>
                <![CDATA["Search experience for product search in both home and offers page"]]>
              </value>
            </param>
            <param index="1">
              <value>
                <![CDATA["Place the order for Products"]]>
              </value>
            </param>
          </params>
          <reporter-output>
          </reporter-output>
        </test-method> <!-- runScenario -->
        <test-method signature="runScenario(io.cucumber.testng.PickleWrapper,io.cucumber.testng.FeatureWrapper)[pri:0, instance:cucumberOptions.TestNGTestRunner@82de64a]" started-at="2023-02-27T17:52:03 IST" name="runScenario" description="Runs Cucumber Scenarios" data-provider="scenarios" finished-at="2023-02-27T17:52:12 IST" duration-ms="9703" status="PASS">
          <params>
            <param index="0">
              <value>
                <![CDATA["Search experience for product search in both home and offers page"]]>
              </value>
            </param>
            <param index="1">
              <value>
                <![CDATA["Place the order for Products"]]>
              </value>
            </param>
          </params>
          <reporter-output>
          </reporter-output>
        </test-method> <!-- runScenario -->
        <test-method is-config="true" signature="tearDownClass()[pri:0, instance:cucumberOptions.TestNGTestRunner@82de64a]" started-at="2023-02-27T17:52:13 IST" name="tearDownClass" finished-at="2023-02-27T17:52:13 IST" duration-ms="378" status="PASS">
          <reporter-output>
          </reporter-output>
        </test-method> <!-- tearDownClass -->
      </class> <!-- cucumberOptions.TestNGTestRunner -->
    </test> <!-- Surefire test -->
  </suite> <!-- Surefire suite -->
</testng-results>
